[2018-05-19 01:25:46] local.ERROR: Parse error: syntax error, unexpected ':', expecting ',' or ')' (View: /home/jtam/Documents/Projects/PHP/Frameworks/Laravel/elaravel/resources/views/layout.blade.php) (View: /home/jtam/Documents/Projects/PHP/Frameworks/Laravel/elaravel/resources/views/layout.blade.php) {"exception":"[object] (ErrorException(code: 0): Parse error: syntax error, unexpected ':', expecting ',' or ')' (View: /home/jtam/Documents/Projects/PHP/Frameworks/Laravel/elaravel/resources/views/layout.blade.php) (View: /home/jtam/Documents/Projects/PHP/Frameworks/Laravel/elaravel/resources/views/layout.blade.php) at /home/jtam/Documents/Projects/PHP/Frameworks/Laravel/elaravel/storage/framework/views/741f60065eacea52cebbf948ce26a04b16f1867c.php:60, ErrorException(code: 0): Parse error: syntax error, unexpected ':', expecting ',' or ')' (View: /home/jtam/Documents/Projects/PHP/Frameworks/Laravel/elaravel/resources/views/layout.blade.php) at /home/jtam/Documents/Projects/PHP/Frameworks/Laravel/elaravel/storage/framework/views/741f60065eacea52cebbf948ce26a04b16f1867c.php:60, Symfony\\Component\\Debug\\Exception\\FatalThrowableError(code: 0): Parse error: syntax error, unexpected ':', expecting ',' or ')' at /home/jtam/Documents/Projects/PHP/Frameworks/Laravel/elaravel/storage/framework/views/741f60065eacea52cebbf948ce26a04b16f1867c.php:60)
[stacktrace]
#0 /home/jtam/Documents/Projects/PHP/Frameworks/Laravel/elaravel/vendor/laravel/framework/src/Illuminate/View/Engines/PhpEngine.php(45): Illuminate\\View\\Engines\\CompilerEngine->handleViewException(Object(ErrorException), 1)
#1 /home/jtam/Documents/Projects/PHP/Frameworks/Laravel/elaravel/vendor/laravel/framework/src/Illuminate/View/Engines/CompilerEngine.php(59): Illuminate\\View\\Engines\\PhpEngine->evaluatePath('/home/jtam/Docu...', Array)
#2 /home/jtam/Documents/Projects/PHP/Frameworks/Laravel/elaravel/vendor/laravel/framework/src/Illuminate/View/View.php(142): Illuminate\\View\\Engines\\CompilerEngine->get('/home/jtam/Docu...', Array)
#3 /home/jtam/Documents/Projects/PHP/Frameworks/Laravel/elaravel/vendor/laravel/framework/src/Illuminate/View/View.php(125): Illuminate\\View\\View->getContents()
#4 /home/jtam/Documents/Projects/PHP/Frameworks/Laravel/elaravel/vendor/laravel/framework/src/Illuminate/View/View.php(90): Illuminate\\View\\View->renderContents()
#5 /home/jtam/Documents/Projects/PHP/Frameworks/Laravel/elaravel/vendor/laravel/framework/src/Illuminate/Http/Response.php(42): Illuminate\\View\\View->render()
#6 /home/jtam/Documents/Projects/PHP/Frameworks/Laravel/elaravel/vendor/symfony/http-foundation/Response.php(197): Illuminate\\Http\\Response->setContent(Object(Illuminate\\View\\View))
#7 /home/jtam/Documents/Projects/PHP/Frameworks/Laravel/elaravel/vendor/laravel/framework/src/Illuminate/Routing/Router.php(727): Symfony\\Component\\HttpFoundation\\Response->__construct(Object(Illuminate\\View\\View))
#8 /home/jtam/Documents/Projects/PHP/Frameworks/Laravel/elaravel/vendor/laravel/framework/src/Illuminate/Routing/Router.php(699): Illuminate\\Routing\\Router::toResponse(Object(Illuminate\\Http\\Request), Object(Illuminate\\View\\View))
#9 /home/jtam/Documents/Projects/PHP/Frameworks/Laravel/elaravel/vendor/laravel/framework/src/Illuminate/Routing/Router.php(659): Illuminate\\Routing\\Router->prepareResponse(Object(Illuminate\\Http\\Request), Object(Illuminate\\View\\View))
#10 /home/jtam/Documents/Projects/PHP/Frameworks/Laravel/elaravel/vendor/laravel/framework/src/Illuminate/Routing/Pipeline.php(30): Illuminate\\Routing\\Router->Illuminate\\Routing\\{closure}(Object(Illuminate\\Http\\Request))
#11 /home/jtam/Documents/Projects/PHP/Frameworks/Laravel/elaravel/vendor/laravel/framework/src/Illuminate/Routing/Middleware/SubstituteBindings.php(41): Illuminate\\Routing\\Pipeline->Illuminate\\Routing\\{closure}(Object(Illuminate\\Http\\Request))
#12 /home/jtam/Documents/Projects/PHP/Frameworks/Laravel/elaravel/vendor/laravel/framework/src/Illuminate/Pipeline/Pipeline.php(151): Illuminate\\Routing\\Middleware\\SubstituteBindings->handle(Object(Illuminate\\Http\\Request), Object(Closure))
#13 /home/jtam/Documents/Projects/PHP/Frameworks/Laravel/elaravel/vendor/laravel/framework/src/Illuminate/Routing/Pipeline.php(53): Illuminate\\Pipeline\\Pipeline->Illuminate\\Pipeline\\{closure}(Object(Illuminate\\Http\\Request))
#14 /home/jtam/Documents/Projects/PHP/Frameworks/Laravel/elaravel/vendor/laravel/framework/src/Illuminate/Foundation/Http/Middleware/VerifyCsrfToken.php(67): Illuminate\\Routing\\Pipeline->Illuminate\\Routing\\{closure}(Object(Illuminate\\Http\\Request))
#15 /home/jtam/Documents/Projects/PHP/Frameworks/Laravel/elaravel/vendor/laravel/framework/src/Illuminate/Pipeline/Pipeline.php(151): Illuminate\\Foundation\\Http\\Middleware\\VerifyCsrfToken->handle(Object(Illuminate\\Http\\Request), Object(Closure))
#16 /home/jtam/Documents/Projects/PHP/Frameworks/Laravel/elaravel/vendor/laravel/framework/src/Illuminate/Routing/Pipeline.php(53): Illuminate\\Pipeline\\Pipeline->Illuminate\\Pipeline\\{closure}(Object(Illuminate\\Http\\Request))
#17 /home/jtam/Documents/Projects/PHP/Frameworks/Laravel/elaravel/vendor/laravel/framework/src/Illuminate/View/Middleware/ShareErrorsFromSession.php(49): Illuminate\\Routing\\Pipeline->Illuminate\\Routing\\{closure}(Object(Illuminate\\Http\\Request))
#18 /home/jtam/Documents/Projects/PHP/Frameworks/Laravel/elaravel/vendor/laravel/framework/src/Illuminate/Pipeline/Pipeline.php(151): Illuminate\\View\\Middleware\\ShareErrorsFromSession->handle(Object(Illuminate\\Http\\Request), Object(Closure))
#19 /home/jtam/Documents/Projects/PHP/Frameworks/Laravel/elaravel/vendor/laravel/framework/src/Illuminate/Routing/Pipeline.php(53): Illuminate\\Pipeline\\Pipeline->Illuminate\\Pipeline\\{closure}(Object(Illuminate\\Http\\Request))
#20 /home/jtam/Documents/Projects/PHP/Frameworks/Laravel/elaravel/vendor/laravel/framework/src/Illuminate/Session/Middleware/StartSession.php(63): Illuminate\\Routing\\Pipeline->Illuminate\\Routing\\{closure}(Object(Illuminate\\Http\\Request))
#21 /home/jtam/Documents/Projects/PHP/Frameworks/Laravel/elaravel/vendor/laravel/framework/src/Illuminate/Pipeline/Pipeline.php(151): Illuminate\\Session\\Middleware\\StartSession->handle(Object(Illuminate\\Http\\Request), Object(Closure))
#22 /home/jtam/Documents/Projects/PHP/Frameworks/Laravel/elaravel/vendor/laravel/framework/src/Illuminate/Routing/Pipeline.php(53): Illuminate\\Pipeline\\Pipeline->Illuminate\\Pipeline\\{closure}(Object(Illuminate\\Http\\Request))
#23 /home/jtam/Documents/Projects/PHP/Frameworks/Laravel/elaravel/vendor/laravel/framework/src/Illuminate/Cookie/Middleware/AddQueuedCookiesToResponse.php(37): Illuminate\\Routing\\Pipeline->Illuminate\\Routing\\{closure}(Object(Illuminate\\Http\\Request))
#24 /home/jtam/Documents/Projects/PHP/Frameworks/Laravel/elaravel/vendor/laravel/framework/src/Illuminate/Pipeline/Pipeline.php(151): Illuminate\\Cookie\\Middleware\\AddQueuedCookiesToResponse->handle(Object(Illuminate\\Http\\Request), Object(Closure))
#25 /home/jtam/Documents/Projects/PHP/Frameworks/Laravel/elaravel/vendor/laravel/framework/src/Illuminate/Routing/Pipeline.php(53): Illuminate\\Pipeline\\Pipeline->Illuminate\\Pipeline\\{closure}(Object(Illuminate\\Http\\Request))
#26 /home/jtam/Documents/Projects/PHP/Frameworks/Laravel/elaravel/vendor/laravel/framework/src/Illuminate/Cookie/Middleware/EncryptCookies.php(59): Illuminate\\Routing\\Pipeline->Illuminate\\Routing\\{closure}(Object(Illuminate\\Http\\Request))
#27 /home/jtam/Documents/Projects/PHP/Frameworks/Laravel/elaravel/vendor/laravel/framework/src/Illuminate/Pipeline/Pipeline.php(151): Illuminate\\Cookie\\Middleware\\EncryptCookies->handle(Object(Illuminate\\Http\\Request), Object(Closure))
#28 /home/jtam/Documents/Projects/PHP/Frameworks/Laravel/elaravel/vendor/laravel/framework/src/Illuminate/Routing/Pipeline.php(53): Illuminate\\Pipeline\\Pipeline->Illuminate\\Pipeline\\{closure}(Object(Illuminate\\Http\\Request))
#29 /home/jtam/Documents/Projects/PHP/Frameworks/Laravel/elaravel/vendor/laravel/framework/src/Illuminate/Pipeline/Pipeline.php(104): Illuminate\\Routing\\Pipeline->Illuminate\\Routing\\{closure}(Object(Illuminate\\Http\\Request))
#30 /home/jtam/Documents/Projects/PHP/Frameworks/Laravel/elaravel/vendor/laravel/framework/src/Illuminate/Routing/Router.php(661): Illuminate\\Pipeline\\Pipeline->then(Object(Closure))
#31 /home/jtam/Documents/Projects/PHP/Frameworks/Laravel/elaravel/vendor/laravel/framework/src/Illuminate/Routing/Router.php(636): Illuminate\\Routing\\Router->runRouteWithinStack(Object(Illuminate\\Routing\\Route), Object(Illuminate\\Http\\Request))
#32 /home/jtam/Documents/Projects/PHP/Frameworks/Laravel/elaravel/vendor/laravel/framework/src/Illuminate/Routing/Router.php(602): Illuminate\\Routing\\Router->runRoute(Object(Illuminate\\Http\\Request), Object(Illuminate\\Routing\\Route))
#33 /home/jtam/Documents/Projects/PHP/Frameworks/Laravel/elaravel/vendor/laravel/framework/src/Illuminate/Routing/Router.php(591): Illuminate\\Routing\\Router->dispatchToRoute(Object(Illuminate\\Http\\Request))
#34 /home/jtam/Documents/Projects/PHP/Frameworks/Laravel/elaravel/vendor/laravel/framework/src/Illuminate/Foundation/Http/Kernel.php(176): Illuminate\\Routing\\Router->dispatch(Object(Illuminate\\Http\\Request))
#35 /home/jtam/Documents/Projects/PHP/Frameworks/Laravel/elaravel/vendor/laravel/framework/src/Illuminate/Routing/Pipeline.php(30): Illuminate\\Foundation\\Http\\Kernel->Illuminate\\Foundation\\Http\\{closure}(Object(Illuminate\\Http\\Request))
#36 /home/jtam/Documents/Projects/PHP/Frameworks/Laravel/elaravel/vendor/fideloper/proxy/src/TrustProxies.php(57): Illuminate\\Routing\\Pipeline->Illuminate\\Routing\\{closure}(Object(Illuminate\\Http\\Request))
#37 /home/jtam/Documents/Projects/PHP/Frameworks/Laravel/elaravel/vendor/laravel/framework/src/Illuminate/Pipeline/Pipeline.php(151): Fideloper\\Proxy\\TrustProxies->handle(Object(Illuminate\\Http\\Request), Object(Closure))
#38 /home/jtam/Documents/Projects/PHP/Frameworks/Laravel/elaravel/vendor/laravel/framework/src/Illuminate/Routing/Pipeline.php(53): Illuminate\\Pipeline\\Pipeline->Illuminate\\Pipeline\\{closure}(Object(Illuminate\\Http\\Request))
#39 /home/jtam/Documents/Projects/PHP/Frameworks/Laravel/elaravel/vendor/laravel/framework/src/Illuminate/Foundation/Http/Middleware/TransformsRequest.php(31): Illuminate\\Routing\\Pipeline->Illuminate\\Routing\\{closure}(Object(Illuminate\\Http\\Request))
#40 /home/jtam/Documents/Projects/PHP/Frameworks/Laravel/elaravel/vendor/laravel/framework/src/Illuminate/Pipeline/Pipeline.php(151): Illuminate\\Foundation\\Http\\Middleware\\TransformsRequest->handle(Object(Illuminate\\Http\\Request), Object(Closure))
#41 /home/jtam/Documents/Projects/PHP/Frameworks/Laravel/elaravel/vendor/laravel/framework/src/Illuminate/Routing/Pipeline.php(53): Illuminate\\Pipeline\\Pipeline->Illuminate\\Pipeline\\{closure}(Object(Illuminate\\Http\\Request))
#42 /home/jtam/Documents/Projects/PHP/Frameworks/Laravel/elaravel/vendor/laravel/framework/src/Illuminate/Foundation/Http/Middleware/TransformsRequest.php(31): Illuminate\\Routing\\Pipeline->Illuminate\\Routing\\{closure}(Object(Illuminate\\Http\\Request))
#43 /home/jtam/Documents/Projects/PHP/Frameworks/Laravel/elaravel/vendor/laravel/framework/src/Illuminate/Pipeline/Pipeline.php(151): Illuminate\\Foundation\\Http\\Middleware\\TransformsRequest->handle(Object(Illuminate\\Http\\Request), Object(Closure))
#44 /home/jtam/Documents/Projects/PHP/Frameworks/Laravel/elaravel/vendor/laravel/framework/src/Illuminate/Routing/Pipeline.php(53): Illuminate\\Pipeline\\Pipeline->Illuminate\\Pipeline\\{closure}(Object(Illuminate\\Http\\Request))
#45 /home/jtam/Documents/Projects/PHP/Frameworks/Laravel/elaravel/vendor/laravel/framework/src/Illuminate/Foundation/Http/Middleware/ValidatePostSize.php(27): Illuminate\\Routing\\Pipeline->Illuminate\\Routing\\{closure}(Object(Illuminate\\Http\\Request))
#46 /home/jtam/Documents/Projects/PHP/Frameworks/Laravel/elaravel/vendor/laravel/framework/src/Illuminate/Pipeline/Pipeline.php(151): Illuminate\\Foundation\\Http\\Middleware\\ValidatePostSize->handle(Object(Illuminate\\Http\\Request), Object(Closure))
#47 /home/jtam/Documents/Projects/PHP/Frameworks/Laravel/elaravel/vendor/laravel/framework/src/Illuminate/Routing/Pipeline.php(53): Illuminate\\Pipeline\\Pipeline->Illuminate\\Pipeline\\{closure}(Object(Illuminate\\Http\\Request))
#48 /home/jtam/Documents/Projects/PHP/Frameworks/Laravel/elaravel/vendor/laravel/framework/src/Illuminate/Foundation/Http/Middleware/CheckForMaintenanceMode.php(51): Illuminate\\Routing\\Pipeline->Illuminate\\Routing\\{closure}(Object(Illuminate\\Http\\Request))
#49 /home/jtam/Documents/Projects/PHP/Frameworks/Laravel/elaravel/vendor/laravel/framework/src/Illuminate/Pipeline/Pipeline.php(151): Illuminate\\Foundation\\Http\\Middleware\\CheckForMaintenanceMode->handle(Object(Illuminate\\Http\\Request), Object(Closure))
#50 /home/jtam/Documents/Projects/PHP/Frameworks/Laravel/elaravel/vendor/laravel/framework/src/Illuminate/Routing/Pipeline.php(53): Illuminate\\Pipeline\\Pipeline->Illuminate\\Pipeline\\{closure}(Object(Illuminate\\Http\\Request))
#51 /home/jtam/Documents/Projects/PHP/Frameworks/Laravel/elaravel/vendor/laravel/framework/src/Illuminate/Pipeline/Pipeline.php(104): Illuminate\\Routing\\Pipeline->Illuminate\\Routing\\{closure}(Object(Illuminate\\Http\\Request))
#52 /home/jtam/Documents/Projects/PHP/Frameworks/Laravel/elaravel/vendor/laravel/framework/src/Illuminate/Foundation/Http/Kernel.php(151): Illuminate\\Pipeline\\Pipeline->then(Object(Closure))
#53 /home/jtam/Documents/Projects/PHP/Frameworks/Laravel/elaravel/vendor/laravel/framework/src/Illuminate/Foundation/Http/Kernel.php(116): Illuminate\\Foundation\\Http\\Kernel->sendRequestThroughRouter(Object(Illuminate\\Http\\Request))
#54 /home/jtam/Documents/Projects/PHP/Frameworks/Laravel/elaravel/public/index.php(55): Illuminate\\Foundation\\Http\\Kernel->handle(Object(Illuminate\\Http\\Request))
#55 /home/jtam/Documents/Projects/PHP/Frameworks/Laravel/elaravel/server.php(21): require_once('/home/jtam/Docu...')
#56 {main}
"} 
[2018-05-19 01:27:28] local.ERROR: Parse error: syntax error, unexpected ':', expecting ',' or ')' (View: /home/jtam/Documents/Projects/PHP/Frameworks/Laravel/elaravel/resources/views/layout.blade.php) (View: /home/jtam/Documents/Projects/PHP/Frameworks/Laravel/elaravel/resources/views/layout.blade.php) {"exception":"[object] (ErrorException(code: 0): Parse error: syntax error, unexpected ':', expecting ',' or ')' (View: /home/jtam/Documents/Projects/PHP/Frameworks/Laravel/elaravel/resources/views/layout.blade.php) (View: /home/jtam/Documents/Projects/PHP/Frameworks/Laravel/elaravel/resources/views/layout.blade.php) at /home/jtam/Documents/Projects/PHP/Frameworks/Laravel/elaravel/storage/framework/views/741f60065eacea52cebbf948ce26a04b16f1867c.php:60, ErrorException(code: 0): Parse error: syntax error, unexpected ':', expecting ',' or ')' (View: /home/jtam/Documents/Projects/PHP/Frameworks/Laravel/elaravel/resources/views/layout.blade.php) at /home/jtam/Documents/Projects/PHP/Frameworks/Laravel/elaravel/storage/framework/views/741f60065eacea52cebbf948ce26a04b16f1867c.php:60, Symfony\\Component\\Debug\\Exception\\FatalThrowableError(code: 0): Parse error: syntax error, unexpected ':', expecting ',' or ')' at /home/jtam/Documents/Projects/PHP/Frameworks/Laravel/elaravel/storage/framework/views/741f60065eacea52cebbf948ce26a04b16f1867c.php:60)
[stacktrace]
#0 /home/jtam/Documents/Projects/PHP/Frameworks/Laravel/elaravel/vendor/laravel/framework/src/Illuminate/View/Engines/PhpEngine.php(45): Illuminate\\View\\Engines\\CompilerEngine->handleViewException(Object(ErrorException), 1)
#1 /home/jtam/Documents/Projects/PHP/Frameworks/Laravel/elaravel/vendor/laravel/framework/src/Illuminate/View/Engines/CompilerEngine.php(59): Illuminate\\View\\Engines\\PhpEngine->evaluatePath('/home/jtam/Docu...', Array)
#2 /home/jtam/Documents/Projects/PHP/Frameworks/Laravel/elaravel/vendor/laravel/framework/src/Illuminate/View/View.php(142): Illuminate\\View\\Engines\\CompilerEngine->get('/home/jtam/Docu...', Array)
#3 /home/jtam/Documents/Projects/PHP/Frameworks/Laravel/elaravel/vendor/laravel/framework/src/Illuminate/View/View.php(125): Illuminate\\View\\View->getContents()
#4 /home/jtam/Documents/Projects/PHP/Frameworks/Laravel/elaravel/vendor/laravel/framework/src/Illuminate/View/View.php(90): Illuminate\\View\\View->renderContents()
#5 /home/jtam/Documents/Projects/PHP/Frameworks/Laravel/elaravel/vendor/laravel/framework/src/Illuminate/Http/Response.php(42): Illuminate\\View\\View->render()
#6 /home/jtam/Documents/Projects/PHP/Frameworks/Laravel/elaravel/vendor/symfony/http-foundation/Response.php(197): Illuminate\\Http\\Response->setContent(Object(Illuminate\\View\\View))
#7 /home/jtam/Documents/Projects/PHP/Frameworks/Laravel/elaravel/vendor/laravel/framework/src/Illuminate/Routing/Router.php(727): Symfony\\Component\\HttpFoundation\\Response->__construct(Object(Illuminate\\View\\View))
#8 /home/jtam/Documents/Projects/PHP/Frameworks/Laravel/elaravel/vendor/laravel/framework/src/Illuminate/Routing/Router.php(699): Illuminate\\Routing\\Router::toResponse(Object(Illuminate\\Http\\Request), Object(Illuminate\\View\\View))
#9 /home/jtam/Documents/Projects/PHP/Frameworks/Laravel/elaravel/vendor/laravel/framework/src/Illuminate/Routing/Router.php(659): Illuminate\\Routing\\Router->prepareResponse(Object(Illuminate\\Http\\Request), Object(Illuminate\\View\\View))
#10 /home/jtam/Documents/Projects/PHP/Frameworks/Laravel/elaravel/vendor/laravel/framework/src/Illuminate/Routing/Pipeline.php(30): Illuminate\\Routing\\Router->Illuminate\\Routing\\{closure}(Object(Illuminate\\Http\\Request))
#11 /home/jtam/Documents/Projects/PHP/Frameworks/Laravel/elaravel/vendor/laravel/framework/src/Illuminate/Routing/Middleware/SubstituteBindings.php(41): Illuminate\\Routing\\Pipeline->Illuminate\\Routing\\{closure}(Object(Illuminate\\Http\\Request))
#12 /home/jtam/Documents/Projects/PHP/Frameworks/Laravel/elaravel/vendor/laravel/framework/src/Illuminate/Pipeline/Pipeline.php(151): Illuminate\\Routing\\Middleware\\SubstituteBindings->handle(Object(Illuminate\\Http\\Request), Object(Closure))
#13 /home/jtam/Documents/Projects/PHP/Frameworks/Laravel/elaravel/vendor/laravel/framework/src/Illuminate/Routing/Pipeline.php(53): Illuminate\\Pipeline\\Pipeline->Illuminate\\Pipeline\\{closure}(Object(Illuminate\\Http\\Request))
#14 /home/jtam/Documents/Projects/PHP/Frameworks/Laravel/elaravel/vendor/laravel/framework/src/Illuminate/Foundation/Http/Middleware/VerifyCsrfToken.php(67): Illuminate\\Routing\\Pipeline->Illuminate\\Routing\\{closure}(Object(Illuminate\\Http\\Request))
#15 /home/jtam/Documents/Projects/PHP/Frameworks/Laravel/elaravel/vendor/laravel/framework/src/Illuminate/Pipeline/Pipeline.php(151): Illuminate\\Foundation\\Http\\Middleware\\VerifyCsrfToken->handle(Object(Illuminate\\Http\\Request), Object(Closure))
#16 /home/jtam/Documents/Projects/PHP/Frameworks/Laravel/elaravel/vendor/laravel/framework/src/Illuminate/Routing/Pipeline.php(53): Illuminate\\Pipeline\\Pipeline->Illuminate\\Pipeline\\{closure}(Object(Illuminate\\Http\\Request))
#17 /home/jtam/Documents/Projects/PHP/Frameworks/Laravel/elaravel/vendor/laravel/framework/src/Illuminate/View/Middleware/ShareErrorsFromSession.php(49): Illuminate\\Routing\\Pipeline->Illuminate\\Routing\\{closure}(Object(Illuminate\\Http\\Request))
#18 /home/jtam/Documents/Projects/PHP/Frameworks/Laravel/elaravel/vendor/laravel/framework/src/Illuminate/Pipeline/Pipeline.php(151): Illuminate\\View\\Middleware\\ShareErrorsFromSession->handle(Object(Illuminate\\Http\\Request), Object(Closure))
#19 /home/jtam/Documents/Projects/PHP/Frameworks/Laravel/elaravel/vendor/laravel/framework/src/Illuminate/Routing/Pipeline.php(53): Illuminate\\Pipeline\\Pipeline->Illuminate\\Pipeline\\{closure}(Object(Illuminate\\Http\\Request))
#20 /home/jtam/Documents/Projects/PHP/Frameworks/Laravel/elaravel/vendor/laravel/framework/src/Illuminate/Session/Middleware/StartSession.php(63): Illuminate\\Routing\\Pipeline->Illuminate\\Routing\\{closure}(Object(Illuminate\\Http\\Request))
#21 /home/jtam/Documents/Projects/PHP/Frameworks/Laravel/elaravel/vendor/laravel/framework/src/Illuminate/Pipeline/Pipeline.php(151): Illuminate\\Session\\Middleware\\StartSession->handle(Object(Illuminate\\Http\\Request), Object(Closure))
#22 /home/jtam/Documents/Projects/PHP/Frameworks/Laravel/elaravel/vendor/laravel/framework/src/Illuminate/Routing/Pipeline.php(53): Illuminate\\Pipeline\\Pipeline->Illuminate\\Pipeline\\{closure}(Object(Illuminate\\Http\\Request))
#23 /home/jtam/Documents/Projects/PHP/Frameworks/Laravel/elaravel/vendor/laravel/framework/src/Illuminate/Cookie/Middleware/AddQueuedCookiesToResponse.php(37): Illuminate\\Routing\\Pipeline->Illuminate\\Routing\\{closure}(Object(Illuminate\\Http\\Request))
#24 /home/jtam/Documents/Projects/PHP/Frameworks/Laravel/elaravel/vendor/laravel/framework/src/Illuminate/Pipeline/Pipeline.php(151): Illuminate\\Cookie\\Middleware\\AddQueuedCookiesToResponse->handle(Object(Illuminate\\Http\\Request), Object(Closure))
#25 /home/jtam/Documents/Projects/PHP/Frameworks/Laravel/elaravel/vendor/laravel/framework/src/Illuminate/Routing/Pipeline.php(53): Illuminate\\Pipeline\\Pipeline->Illuminate\\Pipeline\\{closure}(Object(Illuminate\\Http\\Request))
#26 /home/jtam/Documents/Projects/PHP/Frameworks/Laravel/elaravel/vendor/laravel/framework/src/Illuminate/Cookie/Middleware/EncryptCookies.php(59): Illuminate\\Routing\\Pipeline->Illuminate\\Routing\\{closure}(Object(Illuminate\\Http\\Request))
#27 /home/jtam/Documents/Projects/PHP/Frameworks/Laravel/elaravel/vendor/laravel/framework/src/Illuminate/Pipeline/Pipeline.php(151): Illuminate\\Cookie\\Middleware\\EncryptCookies->handle(Object(Illuminate\\Http\\Request), Object(Closure))
#28 /home/jtam/Documents/Projects/PHP/Frameworks/Laravel/elaravel/vendor/laravel/framework/src/Illuminate/Routing/Pipeline.php(53): Illuminate\\Pipeline\\Pipeline->Illuminate\\Pipeline\\{closure}(Object(Illuminate\\Http\\Request))
#29 /home/jtam/Documents/Projects/PHP/Frameworks/Laravel/elaravel/vendor/laravel/framework/src/Illuminate/Pipeline/Pipeline.php(104): Illuminate\\Routing\\Pipeline->Illuminate\\Routing\\{closure}(Object(Illuminate\\Http\\Request))
#30 /home/jtam/Documents/Projects/PHP/Frameworks/Laravel/elaravel/vendor/laravel/framework/src/Illuminate/Routing/Router.php(661): Illuminate\\Pipeline\\Pipeline->then(Object(Closure))
#31 /home/jtam/Documents/Projects/PHP/Frameworks/Laravel/elaravel/vendor/laravel/framework/src/Illuminate/Routing/Router.php(636): Illuminate\\Routing\\Router->runRouteWithinStack(Object(Illuminate\\Routing\\Route), Object(Illuminate\\Http\\Request))
#32 /home/jtam/Documents/Projects/PHP/Frameworks/Laravel/elaravel/vendor/laravel/framework/src/Illuminate/Routing/Router.php(602): Illuminate\\Routing\\Router->runRoute(Object(Illuminate\\Http\\Request), Object(Illuminate\\Routing\\Route))
#33 /home/jtam/Documents/Projects/PHP/Frameworks/Laravel/elaravel/vendor/laravel/framework/src/Illuminate/Routing/Router.php(591): Illuminate\\Routing\\Router->dispatchToRoute(Object(Illuminate\\Http\\Request))
#34 /home/jtam/Documents/Projects/PHP/Frameworks/Laravel/elaravel/vendor/laravel/framework/src/Illuminate/Foundation/Http/Kernel.php(176): Illuminate\\Routing\\Router->dispatch(Object(Illuminate\\Http\\Request))
#35 /home/jtam/Documents/Projects/PHP/Frameworks/Laravel/elaravel/vendor/laravel/framework/src/Illuminate/Routing/Pipeline.php(30): Illuminate\\Foundation\\Http\\Kernel->Illuminate\\Foundation\\Http\\{closure}(Object(Illuminate\\Http\\Request))
#36 /home/jtam/Documents/Projects/PHP/Frameworks/Laravel/elaravel/vendor/fideloper/proxy/src/TrustProxies.php(57): Illuminate\\Routing\\Pipeline->Illuminate\\Routing\\{closure}(Object(Illuminate\\Http\\Request))
#37 /home/jtam/Documents/Projects/PHP/Frameworks/Laravel/elaravel/vendor/laravel/framework/src/Illuminate/Pipeline/Pipeline.php(151): Fideloper\\Proxy\\TrustProxies->handle(Object(Illuminate\\Http\\Request), Object(Closure))
#38 /home/jtam/Documents/Projects/PHP/Frameworks/Laravel/elaravel/vendor/laravel/framework/src/Illuminate/Routing/Pipeline.php(53): Illuminate\\Pipeline\\Pipeline->Illuminate\\Pipeline\\{closure}(Object(Illuminate\\Http\\Request))
#39 /home/jtam/Documents/Projects/PHP/Frameworks/Laravel/elaravel/vendor/laravel/framework/src/Illuminate/Foundation/Http/Middleware/TransformsRequest.php(31): Illuminate\\Routing\\Pipeline->Illuminate\\Routing\\{closure}(Object(Illuminate\\Http\\Request))
#40 /home/jtam/Documents/Projects/PHP/Frameworks/Laravel/elaravel/vendor/laravel/framework/src/Illuminate/Pipeline/Pipeline.php(151): Illuminate\\Foundation\\Http\\Middleware\\TransformsRequest->handle(Object(Illuminate\\Http\\Request), Object(Closure))
#41 /home/jtam/Documents/Projects/PHP/Frameworks/Laravel/elaravel/vendor/laravel/framework/src/Illuminate/Routing/Pipeline.php(53): Illuminate\\Pipeline\\Pipeline->Illuminate\\Pipeline\\{closure}(Object(Illuminate\\Http\\Request))
#42 /home/jtam/Documents/Projects/PHP/Frameworks/Laravel/elaravel/vendor/laravel/framework/src/Illuminate/Foundation/Http/Middleware/TransformsRequest.php(31): Illuminate\\Routing\\Pipeline->Illuminate\\Routing\\{closure}(Object(Illuminate\\Http\\Request))
#43 /home/jtam/Documents/Projects/PHP/Frameworks/Laravel/elaravel/vendor/laravel/framework/src/Illuminate/Pipeline/Pipeline.php(151): Illuminate\\Foundation\\Http\\Middleware\\TransformsRequest->handle(Object(Illuminate\\Http\\Request), Object(Closure))
#44 /home/jtam/Documents/Projects/PHP/Frameworks/Laravel/elaravel/vendor/laravel/framework/src/Illuminate/Routing/Pipeline.php(53): Illuminate\\Pipeline\\Pipeline->Illuminate\\Pipeline\\{closure}(Object(Illuminate\\Http\\Request))
#45 /home/jtam/Documents/Projects/PHP/Frameworks/Laravel/elaravel/vendor/laravel/framework/src/Illuminate/Foundation/Http/Middleware/ValidatePostSize.php(27): Illuminate\\Routing\\Pipeline->Illuminate\\Routing\\{closure}(Object(Illuminate\\Http\\Request))
#46 /home/jtam/Documents/Projects/PHP/Frameworks/Laravel/elaravel/vendor/laravel/framework/src/Illuminate/Pipeline/Pipeline.php(151): Illuminate\\Foundation\\Http\\Middleware\\ValidatePostSize->handle(Object(Illuminate\\Http\\Request), Object(Closure))
#47 /home/jtam/Documents/Projects/PHP/Frameworks/Laravel/elaravel/vendor/laravel/framework/src/Illuminate/Routing/Pipeline.php(53): Illuminate\\Pipeline\\Pipeline->Illuminate\\Pipeline\\{closure}(Object(Illuminate\\Http\\Request))
#48 /home/jtam/Documents/Projects/PHP/Frameworks/Laravel/elaravel/vendor/laravel/framework/src/Illuminate/Foundation/Http/Middleware/CheckForMaintenanceMode.php(51): Illuminate\\Routing\\Pipeline->Illuminate\\Routing\\{closure}(Object(Illuminate\\Http\\Request))
#49 /home/jtam/Documents/Projects/PHP/Frameworks/Laravel/elaravel/vendor/laravel/framework/src/Illuminate/Pipeline/Pipeline.php(151): Illuminate\\Foundation\\Http\\Middleware\\CheckForMaintenanceMode->handle(Object(Illuminate\\Http\\Request), Object(Closure))
#50 /home/jtam/Documents/Projects/PHP/Frameworks/Laravel/elaravel/vendor/laravel/framework/src/Illuminate/Routing/Pipeline.php(53): Illuminate\\Pipeline\\Pipeline->Illuminate\\Pipeline\\{closure}(Object(Illuminate\\Http\\Request))
#51 /home/jtam/Documents/Projects/PHP/Frameworks/Laravel/elaravel/vendor/laravel/framework/src/Illuminate/Pipeline/Pipeline.php(104): Illuminate\\Routing\\Pipeline->Illuminate\\Routing\\{closure}(Object(Illuminate\\Http\\Request))
#52 /home/jtam/Documents/Projects/PHP/Frameworks/Laravel/elaravel/vendor/laravel/framework/src/Illuminate/Foundation/Http/Kernel.php(151): Illuminate\\Pipeline\\Pipeline->then(Object(Closure))
#53 /home/jtam/Documents/Projects/PHP/Frameworks/Laravel/elaravel/vendor/laravel/framework/src/Illuminate/Foundation/Http/Kernel.php(116): Illuminate\\Foundation\\Http\\Kernel->sendRequestThroughRouter(Object(Illuminate\\Http\\Request))
#54 /home/jtam/Documents/Projects/PHP/Frameworks/Laravel/elaravel/public/index.php(55): Illuminate\\Foundation\\Http\\Kernel->handle(Object(Illuminate\\Http\\Request))
#55 /home/jtam/Documents/Projects/PHP/Frameworks/Laravel/elaravel/server.php(21): require_once('/home/jtam/Docu...')
#56 {main}
"} 
[2018-05-19 01:27:42] local.ERROR: Parse error: syntax error, unexpected ':', expecting ',' or ')' (View: /home/jtam/Documents/Projects/PHP/Frameworks/Laravel/elaravel/resources/views/layout.blade.php) (View: /home/jtam/Documents/Projects/PHP/Frameworks/Laravel/elaravel/resources/views/layout.blade.php) {"exception":"[object] (ErrorException(code: 0): Parse error: syntax error, unexpected ':', expecting ',' or ')' (View: /home/jtam/Documents/Projects/PHP/Frameworks/Laravel/elaravel/resources/views/layout.blade.php) (View: /home/jtam/Documents/Projects/PHP/Frameworks/Laravel/elaravel/resources/views/layout.blade.php) at /home/jtam/Documents/Projects/PHP/Frameworks/Laravel/elaravel/storage/framework/views/741f60065eacea52cebbf948ce26a04b16f1867c.php:348, ErrorException(code: 0): Parse error: syntax error, unexpected ':', expecting ',' or ')' (View: /home/jtam/Documents/Projects/PHP/Frameworks/Laravel/elaravel/resources/views/layout.blade.php) at /home/jtam/Documents/Projects/PHP/Frameworks/Laravel/elaravel/storage/framework/views/741f60065eacea52cebbf948ce26a04b16f1867c.php:348, Symfony\\Component\\Debug\\Exception\\FatalThrowableError(code: 0): Parse error: syntax error, unexpected ':', expecting ',' or ')' at /home/jtam/Documents/Projects/PHP/Frameworks/Laravel/elaravel/storage/framework/views/741f60065eacea52cebbf948ce26a04b16f1867c.php:348)
[stacktrace]
#0 /home/jtam/Documents/Projects/PHP/Frameworks/Laravel/elaravel/vendor/laravel/framework/src/Illuminate/View/Engines/PhpEngine.php(45): Illuminate\\View\\Engines\\CompilerEngine->handleViewException(Object(ErrorException), 1)
#1 /home/jtam/Documents/Projects/PHP/Frameworks/Laravel/elaravel/vendor/laravel/framework/src/Illuminate/View/Engines/CompilerEngine.php(59): Illuminate\\View\\Engines\\PhpEngine->evaluatePath('/home/jtam/Docu...', Array)
#2 /home/jtam/Documents/Projects/PHP/Frameworks/Laravel/elaravel/vendor/laravel/framework/src/Illuminate/View/View.php(142): Illuminate\\View\\Engines\\CompilerEngine->get('/home/jtam/Docu...', Array)
#3 /home/jtam/Documents/Projects/PHP/Frameworks/Laravel/elaravel/vendor/laravel/framework/src/Illuminate/View/View.php(125): Illuminate\\View\\View->getContents()
#4 /home/jtam/Documents/Projects/PHP/Frameworks/Laravel/elaravel/vendor/laravel/framework/src/Illuminate/View/View.php(90): Illuminate\\View\\View->renderContents()
#5 /home/jtam/Documents/Projects/PHP/Frameworks/Laravel/elaravel/vendor/laravel/framework/src/Illuminate/Http/Response.php(42): Illuminate\\View\\View->render()
#6 /home/jtam/Documents/Projects/PHP/Frameworks/Laravel/elaravel/vendor/symfony/http-foundation/Response.php(197): Illuminate\\Http\\Response->setContent(Object(Illuminate\\View\\View))
#7 /home/jtam/Documents/Projects/PHP/Frameworks/Laravel/elaravel/vendor/laravel/framework/src/Illuminate/Routing/Router.php(727): Symfony\\Component\\HttpFoundation\\Response->__construct(Object(Illuminate\\View\\View))
#8 /home/jtam/Documents/Projects/PHP/Frameworks/Laravel/elaravel/vendor/laravel/framework/src/Illuminate/Routing/Router.php(699): Illuminate\\Routing\\Router::toResponse(Object(Illuminate\\Http\\Request), Object(Illuminate\\View\\View))
#9 /home/jtam/Documents/Projects/PHP/Frameworks/Laravel/elaravel/vendor/laravel/framework/src/Illuminate/Routing/Router.php(659): Illuminate\\Routing\\Router->prepareResponse(Object(Illuminate\\Http\\Request), Object(Illuminate\\View\\View))
#10 /home/jtam/Documents/Projects/PHP/Frameworks/Laravel/elaravel/vendor/laravel/framework/src/Illuminate/Routing/Pipeline.php(30): Illuminate\\Routing\\Router->Illuminate\\Routing\\{closure}(Object(Illuminate\\Http\\Request))
#11 /home/jtam/Documents/Projects/PHP/Frameworks/Laravel/elaravel/vendor/laravel/framework/src/Illuminate/Routing/Middleware/SubstituteBindings.php(41): Illuminate\\Routing\\Pipeline->Illuminate\\Routing\\{closure}(Object(Illuminate\\Http\\Request))
#12 /home/jtam/Documents/Projects/PHP/Frameworks/Laravel/elaravel/vendor/laravel/framework/src/Illuminate/Pipeline/Pipeline.php(151): Illuminate\\Routing\\Middleware\\SubstituteBindings->handle(Object(Illuminate\\Http\\Request), Object(Closure))
#13 /home/jtam/Documents/Projects/PHP/Frameworks/Laravel/elaravel/vendor/laravel/framework/src/Illuminate/Routing/Pipeline.php(53): Illuminate\\Pipeline\\Pipeline->Illuminate\\Pipeline\\{closure}(Object(Illuminate\\Http\\Request))
#14 /home/jtam/Documents/Projects/PHP/Frameworks/Laravel/elaravel/vendor/laravel/framework/src/Illuminate/Foundation/Http/Middleware/VerifyCsrfToken.php(67): Illuminate\\Routing\\Pipeline->Illuminate\\Routing\\{closure}(Object(Illuminate\\Http\\Request))
#15 /home/jtam/Documents/Projects/PHP/Frameworks/Laravel/elaravel/vendor/laravel/framework/src/Illuminate/Pipeline/Pipeline.php(151): Illuminate\\Foundation\\Http\\Middleware\\VerifyCsrfToken->handle(Object(Illuminate\\Http\\Request), Object(Closure))
#16 /home/jtam/Documents/Projects/PHP/Frameworks/Laravel/elaravel/vendor/laravel/framework/src/Illuminate/Routing/Pipeline.php(53): Illuminate\\Pipeline\\Pipeline->Illuminate\\Pipeline\\{closure}(Object(Illuminate\\Http\\Request))
#17 /home/jtam/Documents/Projects/PHP/Frameworks/Laravel/elaravel/vendor/laravel/framework/src/Illuminate/View/Middleware/ShareErrorsFromSession.php(49): Illuminate\\Routing\\Pipeline->Illuminate\\Routing\\{closure}(Object(Illuminate\\Http\\Request))
#18 /home/jtam/Documents/Projects/PHP/Frameworks/Laravel/elaravel/vendor/laravel/framework/src/Illuminate/Pipeline/Pipeline.php(151): Illuminate\\View\\Middleware\\ShareErrorsFromSession->handle(Object(Illuminate\\Http\\Request), Object(Closure))
#19 /home/jtam/Documents/Projects/PHP/Frameworks/Laravel/elaravel/vendor/laravel/framework/src/Illuminate/Routing/Pipeline.php(53): Illuminate\\Pipeline\\Pipeline->Illuminate\\Pipeline\\{closure}(Object(Illuminate\\Http\\Request))
#20 /home/jtam/Documents/Projects/PHP/Frameworks/Laravel/elaravel/vendor/laravel/framework/src/Illuminate/Session/Middleware/StartSession.php(63): Illuminate\\Routing\\Pipeline->Illuminate\\Routing\\{closure}(Object(Illuminate\\Http\\Request))
#21 /home/jtam/Documents/Projects/PHP/Frameworks/Laravel/elaravel/vendor/laravel/framework/src/Illuminate/Pipeline/Pipeline.php(151): Illuminate\\Session\\Middleware\\StartSession->handle(Object(Illuminate\\Http\\Request), Object(Closure))
#22 /home/jtam/Documents/Projects/PHP/Frameworks/Laravel/elaravel/vendor/laravel/framework/src/Illuminate/Routing/Pipeline.php(53): Illuminate\\Pipeline\\Pipeline->Illuminate\\Pipeline\\{closure}(Object(Illuminate\\Http\\Request))
#23 /home/jtam/Documents/Projects/PHP/Frameworks/Laravel/elaravel/vendor/laravel/framework/src/Illuminate/Cookie/Middleware/AddQueuedCookiesToResponse.php(37): Illuminate\\Routing\\Pipeline->Illuminate\\Routing\\{closure}(Object(Illuminate\\Http\\Request))
#24 /home/jtam/Documents/Projects/PHP/Frameworks/Laravel/elaravel/vendor/laravel/framework/src/Illuminate/Pipeline/Pipeline.php(151): Illuminate\\Cookie\\Middleware\\AddQueuedCookiesToResponse->handle(Object(Illuminate\\Http\\Request), Object(Closure))
#25 /home/jtam/Documents/Projects/PHP/Frameworks/Laravel/elaravel/vendor/laravel/framework/src/Illuminate/Routing/Pipeline.php(53): Illuminate\\Pipeline\\Pipeline->Illuminate\\Pipeline\\{closure}(Object(Illuminate\\Http\\Request))
#26 /home/jtam/Documents/Projects/PHP/Frameworks/Laravel/elaravel/vendor/laravel/framework/src/Illuminate/Cookie/Middleware/EncryptCookies.php(59): Illuminate\\Routing\\Pipeline->Illuminate\\Routing\\{closure}(Object(Illuminate\\Http\\Request))
#27 /home/jtam/Documents/Projects/PHP/Frameworks/Laravel/elaravel/vendor/laravel/framework/src/Illuminate/Pipeline/Pipeline.php(151): Illuminate\\Cookie\\Middleware\\EncryptCookies->handle(Object(Illuminate\\Http\\Request), Object(Closure))
#28 /home/jtam/Documents/Projects/PHP/Frameworks/Laravel/elaravel/vendor/laravel/framework/src/Illuminate/Routing/Pipeline.php(53): Illuminate\\Pipeline\\Pipeline->Illuminate\\Pipeline\\{closure}(Object(Illuminate\\Http\\Request))
#29 /home/jtam/Documents/Projects/PHP/Frameworks/Laravel/elaravel/vendor/laravel/framework/src/Illuminate/Pipeline/Pipeline.php(104): Illuminate\\Routing\\Pipeline->Illuminate\\Routing\\{closure}(Object(Illuminate\\Http\\Request))
#30 /home/jtam/Documents/Projects/PHP/Frameworks/Laravel/elaravel/vendor/laravel/framework/src/Illuminate/Routing/Router.php(661): Illuminate\\Pipeline\\Pipeline->then(Object(Closure))
#31 /home/jtam/Documents/Projects/PHP/Frameworks/Laravel/elaravel/vendor/laravel/framework/src/Illuminate/Routing/Router.php(636): Illuminate\\Routing\\Router->runRouteWithinStack(Object(Illuminate\\Routing\\Route), Object(Illuminate\\Http\\Request))
#32 /home/jtam/Documents/Projects/PHP/Frameworks/Laravel/elaravel/vendor/laravel/framework/src/Illuminate/Routing/Router.php(602): Illuminate\\Routing\\Router->runRoute(Object(Illuminate\\Http\\Request), Object(Illuminate\\Routing\\Route))
#33 /home/jtam/Documents/Projects/PHP/Frameworks/Laravel/elaravel/vendor/laravel/framework/src/Illuminate/Routing/Router.php(591): Illuminate\\Routing\\Router->dispatchToRoute(Object(Illuminate\\Http\\Request))
#34 /home/jtam/Documents/Projects/PHP/Frameworks/Laravel/elaravel/vendor/laravel/framework/src/Illuminate/Foundation/Http/Kernel.php(176): Illuminate\\Routing\\Router->dispatch(Object(Illuminate\\Http\\Request))
#35 /home/jtam/Documents/Projects/PHP/Frameworks/Laravel/elaravel/vendor/laravel/framework/src/Illuminate/Routing/Pipeline.php(30): Illuminate\\Foundation\\Http\\Kernel->Illuminate\\Foundation\\Http\\{closure}(Object(Illuminate\\Http\\Request))
#36 /home/jtam/Documents/Projects/PHP/Frameworks/Laravel/elaravel/vendor/fideloper/proxy/src/TrustProxies.php(57): Illuminate\\Routing\\Pipeline->Illuminate\\Routing\\{closure}(Object(Illuminate\\Http\\Request))
#37 /home/jtam/Documents/Projects/PHP/Frameworks/Laravel/elaravel/vendor/laravel/framework/src/Illuminate/Pipeline/Pipeline.php(151): Fideloper\\Proxy\\TrustProxies->handle(Object(Illuminate\\Http\\Request), Object(Closure))
#38 /home/jtam/Documents/Projects/PHP/Frameworks/Laravel/elaravel/vendor/laravel/framework/src/Illuminate/Routing/Pipeline.php(53): Illuminate\\Pipeline\\Pipeline->Illuminate\\Pipeline\\{closure}(Object(Illuminate\\Http\\Request))
#39 /home/jtam/Documents/Projects/PHP/Frameworks/Laravel/elaravel/vendor/laravel/framework/src/Illuminate/Foundation/Http/Middleware/TransformsRequest.php(31): Illuminate\\Routing\\Pipeline->Illuminate\\Routing\\{closure}(Object(Illuminate\\Http\\Request))
#40 /home/jtam/Documents/Projects/PHP/Frameworks/Laravel/elaravel/vendor/laravel/framework/src/Illuminate/Pipeline/Pipeline.php(151): Illuminate\\Foundation\\Http\\Middleware\\TransformsRequest->handle(Object(Illuminate\\Http\\Request), Object(Closure))
#41 /home/jtam/Documents/Projects/PHP/Frameworks/Laravel/elaravel/vendor/laravel/framework/src/Illuminate/Routing/Pipeline.php(53): Illuminate\\Pipeline\\Pipeline->Illuminate\\Pipeline\\{closure}(Object(Illuminate\\Http\\Request))
#42 /home/jtam/Documents/Projects/PHP/Frameworks/Laravel/elaravel/vendor/laravel/framework/src/Illuminate/Foundation/Http/Middleware/TransformsRequest.php(31): Illuminate\\Routing\\Pipeline->Illuminate\\Routing\\{closure}(Object(Illuminate\\Http\\Request))
#43 /home/jtam/Documents/Projects/PHP/Frameworks/Laravel/elaravel/vendor/laravel/framework/src/Illuminate/Pipeline/Pipeline.php(151): Illuminate\\Foundation\\Http\\Middleware\\TransformsRequest->handle(Object(Illuminate\\Http\\Request), Object(Closure))
#44 /home/jtam/Documents/Projects/PHP/Frameworks/Laravel/elaravel/vendor/laravel/framework/src/Illuminate/Routing/Pipeline.php(53): Illuminate\\Pipeline\\Pipeline->Illuminate\\Pipeline\\{closure}(Object(Illuminate\\Http\\Request))
#45 /home/jtam/Documents/Projects/PHP/Frameworks/Laravel/elaravel/vendor/laravel/framework/src/Illuminate/Foundation/Http/Middleware/ValidatePostSize.php(27): Illuminate\\Routing\\Pipeline->Illuminate\\Routing\\{closure}(Object(Illuminate\\Http\\Request))
#46 /home/jtam/Documents/Projects/PHP/Frameworks/Laravel/elaravel/vendor/laravel/framework/src/Illuminate/Pipeline/Pipeline.php(151): Illuminate\\Foundation\\Http\\Middleware\\ValidatePostSize->handle(Object(Illuminate\\Http\\Request), Object(Closure))
#47 /home/jtam/Documents/Projects/PHP/Frameworks/Laravel/elaravel/vendor/laravel/framework/src/Illuminate/Routing/Pipeline.php(53): Illuminate\\Pipeline\\Pipeline->Illuminate\\Pipeline\\{closure}(Object(Illuminate\\Http\\Request))
#48 /home/jtam/Documents/Projects/PHP/Frameworks/Laravel/elaravel/vendor/laravel/framework/src/Illuminate/Foundation/Http/Middleware/CheckForMaintenanceMode.php(51): Illuminate\\Routing\\Pipeline->Illuminate\\Routing\\{closure}(Object(Illuminate\\Http\\Request))
#49 /home/jtam/Documents/Projects/PHP/Frameworks/Laravel/elaravel/vendor/laravel/framework/src/Illuminate/Pipeline/Pipeline.php(151): Illuminate\\Foundation\\Http\\Middleware\\CheckForMaintenanceMode->handle(Object(Illuminate\\Http\\Request), Object(Closure))
#50 /home/jtam/Documents/Projects/PHP/Frameworks/Laravel/elaravel/vendor/laravel/framework/src/Illuminate/Routing/Pipeline.php(53): Illuminate\\Pipeline\\Pipeline->Illuminate\\Pipeline\\{closure}(Object(Illuminate\\Http\\Request))
#51 /home/jtam/Documents/Projects/PHP/Frameworks/Laravel/elaravel/vendor/laravel/framework/src/Illuminate/Pipeline/Pipeline.php(104): Illuminate\\Routing\\Pipeline->Illuminate\\Routing\\{closure}(Object(Illuminate\\Http\\Request))
#52 /home/jtam/Documents/Projects/PHP/Frameworks/Laravel/elaravel/vendor/laravel/framework/src/Illuminate/Foundation/Http/Kernel.php(151): Illuminate\\Pipeline\\Pipeline->then(Object(Closure))
#53 /home/jtam/Documents/Projects/PHP/Frameworks/Laravel/elaravel/vendor/laravel/framework/src/Illuminate/Foundation/Http/Kernel.php(116): Illuminate\\Foundation\\Http\\Kernel->sendRequestThroughRouter(Object(Illuminate\\Http\\Request))
#54 /home/jtam/Documents/Projects/PHP/Frameworks/Laravel/elaravel/public/index.php(55): Illuminate\\Foundation\\Http\\Kernel->handle(Object(Illuminate\\Http\\Request))
#55 /home/jtam/Documents/Projects/PHP/Frameworks/Laravel/elaravel/server.php(21): require_once('/home/jtam/Docu...')
#56 {main}
"} 
